<?xml version="1.0" encoding="UTF-8"?>
<!-- Generated by org.testng.reporters.JUnitReportReporter -->
<testsuite skipped="0" hostname="12951-PC" name="com.qa.tests.GetAPITest" tests="2" failures="0" timestamp="13 Feb 2018 22:56:43 GMT" time="1.863" errors="0">
  <testcase name="getAPITestWithoutHeaders" time="1.479" classname="com.qa.tests.GetAPITest"/>
  <testcase name="getAPITestWithHeaders" time="0.384" classname="com.qa.tests.GetAPITest"/>
</testsuite> <!-- com.qa.tests.GetAPITest -->
